[2026-02-23T01:06:26.967+0000] {taskinstance.py:1979} INFO - Dependencies all met for dep_context=non-requeueable deps ti=<TaskInstance: glaive_data_pipeline.data_acquisition manual__2026-02-23T00:56:22.103248+00:00 [queued]>
[2026-02-23T01:06:26.969+0000] {taskinstance.py:1979} INFO - Dependencies all met for dep_context=requeueable deps ti=<TaskInstance: glaive_data_pipeline.data_acquisition manual__2026-02-23T00:56:22.103248+00:00 [queued]>
[2026-02-23T01:06:26.969+0000] {taskinstance.py:2193} INFO - Starting attempt 3 of 3
[2026-02-23T01:06:26.973+0000] {taskinstance.py:2217} INFO - Executing <Task(PythonOperator): data_acquisition> on 2026-02-23 00:56:22.103248+00:00
[2026-02-23T01:06:26.975+0000] {standard_task_runner.py:60} INFO - Started process 74 to run task
[2026-02-23T01:06:26.976+0000] {standard_task_runner.py:87} INFO - Running: ['***', 'tasks', 'run', 'glaive_data_pipeline', 'data_acquisition', 'manual__2026-02-23T00:56:22.103248+00:00', '--job-id', '11', '--raw', '--subdir', 'DAGS_FOLDER/glaive_pipeline_dag.py', '--cfg-path', '/tmp/tmpe1arsyp7']
[2026-02-23T01:06:26.978+0000] {standard_task_runner.py:88} INFO - Job 11: Subtask data_acquisition
[2026-02-23T01:06:27.002+0000] {task_command.py:423} INFO - Running <TaskInstance: glaive_data_pipeline.data_acquisition manual__2026-02-23T00:56:22.103248+00:00 [running]> on host c82b51b0cccb
[2026-02-23T01:06:27.024+0000] {taskinstance.py:2513} INFO - Exporting env vars: AIRFLOW_CTX_DAG_OWNER='bhanu_harsha' AIRFLOW_CTX_DAG_ID='glaive_data_pipeline' AIRFLOW_CTX_TASK_ID='data_acquisition' AIRFLOW_CTX_EXECUTION_DATE='2026-02-23T00:56:22.103248+00:00' AIRFLOW_CTX_TRY_NUMBER='3' AIRFLOW_CTX_DAG_RUN_ID='manual__2026-02-23T00:56:22.103248+00:00'
[2026-02-23T01:06:27.025+0000] {taskinstance.py:2731} ERROR - Task failed with exception
Traceback (most recent call last):
  File "/home/airflow/.local/lib/python3.8/site-packages/airflow/models/taskinstance.py", line 444, in _execute_task
    result = _execute_callable(context=context, **execute_callable_kwargs)
  File "/home/airflow/.local/lib/python3.8/site-packages/airflow/models/taskinstance.py", line 414, in _execute_callable
    return execute_callable(context=context, **execute_callable_kwargs)
  File "/home/airflow/.local/lib/python3.8/site-packages/airflow/operators/python.py", line 200, in execute
    return_value = self.execute_callable()
  File "/home/airflow/.local/lib/python3.8/site-packages/airflow/operators/python.py", line 217, in execute_callable
    return self.python_callable(*self.op_args, **self.op_kwargs)
  File "/opt/airflow/dags/glaive_pipeline_dag.py", line 43, in task_data_acquisition
    from data_acquisition import fetch_and_save
ModuleNotFoundError: No module named 'data_acquisition'
[2026-02-23T01:06:27.028+0000] {taskinstance.py:1149} INFO - Marking task as FAILED. dag_id=glaive_data_pipeline, task_id=data_acquisition, execution_date=20260223T005622, start_date=20260223T010626, end_date=20260223T010627
[2026-02-23T01:06:27.031+0000] {standard_task_runner.py:107} ERROR - Failed to execute job 11 for task data_acquisition (No module named 'data_acquisition'; 74)
[2026-02-23T01:06:27.074+0000] {local_task_job_runner.py:234} INFO - Task exited with return code 1
[2026-02-23T01:06:27.087+0000] {taskinstance.py:3312} INFO - 0 downstream tasks scheduled from follow-on schedule check
